2024-09-11 00:04:14,488 [INFO] Activator:177 - 


2024-09-11 00:04:14,490 [INFO] Activator:178 - !SESSION log4j initialized
2024-09-11 00:10:47,806 [INFO] McuFinderGlobals:39 - Set McuFinder mode to 2 (CubeIDE integrated)
2024-09-11 00:10:48,265 [INFO] ApplicationProperties:181 - Using Application install path: E:\chuyennganh\vixuly\STM32Cube-IDE\STM32CubeIDE_1.7.0\STM32CubeIDE\plugins\com.st.stm32cube.common.mx_6.3.0.202107141111
2024-09-11 00:10:48,277 [INFO] DbMcusXml:74 - Set database path to: E:\chuyennganh\vixuly\STM32Cube-IDE\STM32CubeIDE_1.7.0\STM32CubeIDE\plugins\com.st.stm32cube.common.mx_6.3.0.202107141111\\db\/mcu/
2024-09-11 00:10:48,281 [INFO] DbBoardsPdsc:56 - Set plugin database path to: E:\chuyennganh\vixuly\STM32Cube-IDE\STM32CubeIDE_1.7.0\STM32CubeIDE\plugins\com.st.stm32cube.common.mx_6.3.0.202107141111\\db\/plugins/boardmanager/
2024-09-11 00:10:48,282 [INFO] DbMcus:258 - Set plugin images path to: E:\chuyennganh\vixuly\STM32Cube-IDE\STM32CubeIDE_1.7.0\STM32CubeIDE\plugins\com.st.stm32cube.common.mx_6.3.0.202107141111\\db\/plugins/mcufinder/images/
2024-09-11 00:10:48,282 [INFO] DbBoards:264 - Set plugin images path to: E:\chuyennganh\vixuly\STM32Cube-IDE\STM32CubeIDE_1.7.0\STM32CubeIDE\plugins\com.st.stm32cube.common.mx_6.3.0.202107141111\\db\/plugins/mcufinder/images/
2024-09-11 00:10:48,285 [INFO] DbExamples:333 - Set plugin images path to: E:\chuyennganh\vixuly\STM32Cube-IDE\STM32CubeIDE_1.7.0\STM32CubeIDE\plugins\com.st.stm32cube.common.mx_6.3.0.202107141111\\db\/plugins/mcufinder/images/
2024-09-11 00:10:48,296 [INFO] DbMcusAds:119 - Set database path to: C:\Users\MSIFPT\.stmcufinder\plugins\mcufinder//mcu/
2024-09-11 00:10:48,297 [INFO] DbMcusDocs:110 - Set database path to: C:\Users\MSIFPT\.stmcufinder\plugins\mcufinder//mcu/
2024-09-11 00:10:48,300 [INFO] DbMcusJson:64 - Set database path to: C:\Users\MSIFPT\.stmcufinder\plugins\mcufinder//mcu/
2024-09-11 00:10:48,300 [INFO] DbBoardsDocs:110 - Set database path to: C:\Users\MSIFPT\.stmcufinder\plugins\mcufinder//mcu/
2024-09-11 00:10:48,301 [INFO] DbBoardsJson:57 - Set database path to: C:\Users\MSIFPT\.stmcufinder\plugins\mcufinder//mcu/
2024-09-11 00:10:48,312 [INFO] CrossReferenceDbSqlite:196 - Set database path to: C:\Users\MSIFPT\.stmcufinder\plugins\mcufinder//mcu/cs/
2024-09-11 00:10:48,315 [INFO] DbExamplesSqlite:767 - Set database path to: C:\Users\MSIFPT\.stmcufinder\plugins\mcufinder//mcu/
2024-09-11 00:10:48,397 [INFO] RulesReader:57 - Compatibility file has been processed (242 Rules)
2024-09-11 00:10:48,467 [INFO] DbMcusXml:74 - Set database path to: E:\chuyennganh\vixuly\STM32Cube-IDE\STM32CubeIDE_1.7.0\STM32CubeIDE\plugins\com.st.stm32cube.common.mx_6.3.0.202107141111\\db\/mcu/
2024-09-11 00:10:48,468 [INFO] DbBoardsPdsc:56 - Set plugin database path to: E:\chuyennganh\vixuly\STM32Cube-IDE\STM32CubeIDE_1.7.0\STM32CubeIDE\plugins\com.st.stm32cube.common.mx_6.3.0.202107141111\\db\/plugins/boardmanager/
2024-09-11 00:10:48,468 [INFO] DbMcus:258 - Set plugin images path to: E:\chuyennganh\vixuly\STM32Cube-IDE\STM32CubeIDE_1.7.0\STM32CubeIDE\plugins\com.st.stm32cube.common.mx_6.3.0.202107141111\\db\/plugins/mcufinder/images/
2024-09-11 00:10:48,468 [INFO] DbBoards:264 - Set plugin images path to: E:\chuyennganh\vixuly\STM32Cube-IDE\STM32CubeIDE_1.7.0\STM32CubeIDE\plugins\com.st.stm32cube.common.mx_6.3.0.202107141111\\db\/plugins/mcufinder/images/
2024-09-11 00:10:48,468 [INFO] DbExamples:333 - Set plugin images path to: E:\chuyennganh\vixuly\STM32Cube-IDE\STM32CubeIDE_1.7.0\STM32CubeIDE\plugins\com.st.stm32cube.common.mx_6.3.0.202107141111\\db\/plugins/mcufinder/images/
2024-09-11 00:10:48,469 [WARN] DbFile:35 - Overriding database path with different value: C:\Users\MSIFPT\.stmcufinder\plugins\mcufinder/ => C:\Users\MSIFPT\.stmcufinder\plugins\mcufinder
2024-09-11 00:10:48,469 [INFO] DbMcusAds:119 - Set database path to: C:\Users\MSIFPT\.stmcufinder\plugins\mcufinder//mcu/
2024-09-11 00:10:48,469 [WARN] DbFile:35 - Overriding database path with different value: C:\Users\MSIFPT\.stmcufinder\plugins\mcufinder/ => C:\Users\MSIFPT\.stmcufinder\plugins\mcufinder
2024-09-11 00:10:48,469 [INFO] DbMcusDocs:110 - Set database path to: C:\Users\MSIFPT\.stmcufinder\plugins\mcufinder//mcu/
2024-09-11 00:10:48,469 [WARN] DbFile:35 - Overriding database path with different value: C:\Users\MSIFPT\.stmcufinder\plugins\mcufinder/ => C:\Users\MSIFPT\.stmcufinder\plugins\mcufinder
2024-09-11 00:10:48,469 [INFO] DbMcusJson:64 - Set database path to: C:\Users\MSIFPT\.stmcufinder\plugins\mcufinder//mcu/
2024-09-11 00:10:48,469 [WARN] DbFile:35 - Overriding database path with different value: C:\Users\MSIFPT\.stmcufinder\plugins\mcufinder/ => C:\Users\MSIFPT\.stmcufinder\plugins\mcufinder
2024-09-11 00:10:48,469 [INFO] DbBoardsDocs:110 - Set database path to: C:\Users\MSIFPT\.stmcufinder\plugins\mcufinder//mcu/
2024-09-11 00:10:48,469 [WARN] DbFile:35 - Overriding database path with different value: C:\Users\MSIFPT\.stmcufinder\plugins\mcufinder/ => C:\Users\MSIFPT\.stmcufinder\plugins\mcufinder
2024-09-11 00:10:48,469 [INFO] DbBoardsJson:57 - Set database path to: C:\Users\MSIFPT\.stmcufinder\plugins\mcufinder//mcu/
2024-09-11 00:10:48,470 [WARN] DbFile:35 - Overriding database path with different value: C:\Users\MSIFPT\.stmcufinder\plugins\mcufinder/ => C:\Users\MSIFPT\.stmcufinder\plugins\mcufinder
2024-09-11 00:10:48,470 [WARN] DbFile:35 - Overriding database path with different value: C:\Users\MSIFPT\.stmcufinder\plugins\mcufinder/ => C:\Users\MSIFPT\.stmcufinder\plugins\mcufinder
2024-09-11 00:10:48,470 [INFO] CrossReferenceDbSqlite:196 - Set database path to: C:\Users\MSIFPT\.stmcufinder\plugins\mcufinder//mcu/cs/
2024-09-11 00:10:48,470 [WARN] DbFile:35 - Overriding database path with different value: C:\Users\MSIFPT\.stmcufinder\plugins\mcufinder/ => C:\Users\MSIFPT\.stmcufinder\plugins\mcufinder
2024-09-11 00:10:48,470 [INFO] DbExamplesSqlite:767 - Set database path to: C:\Users\MSIFPT\.stmcufinder\plugins\mcufinder//mcu/
2024-09-11 00:10:48,526 [INFO] MainPanel:214 - HeapMemory: 835715072
2024-09-11 00:10:48,595 [INFO] DbMcusXml:74 - Set database path to: E:\chuyennganh\vixuly\STM32Cube-IDE\STM32CubeIDE_1.7.0\STM32CubeIDE\plugins\com.st.stm32cube.common.mx_6.3.0.202107141111\\db\/mcu/
2024-09-11 00:10:48,595 [INFO] DbBoardsPdsc:56 - Set plugin database path to: E:\chuyennganh\vixuly\STM32Cube-IDE\STM32CubeIDE_1.7.0\STM32CubeIDE\plugins\com.st.stm32cube.common.mx_6.3.0.202107141111\\db\/plugins/boardmanager/
2024-09-11 00:10:48,595 [INFO] DbMcus:258 - Set plugin images path to: E:\chuyennganh\vixuly\STM32Cube-IDE\STM32CubeIDE_1.7.0\STM32CubeIDE\plugins\com.st.stm32cube.common.mx_6.3.0.202107141111\\db\/plugins/mcufinder/images/
2024-09-11 00:10:48,596 [INFO] DbBoards:264 - Set plugin images path to: E:\chuyennganh\vixuly\STM32Cube-IDE\STM32CubeIDE_1.7.0\STM32CubeIDE\plugins\com.st.stm32cube.common.mx_6.3.0.202107141111\\db\/plugins/mcufinder/images/
2024-09-11 00:10:48,596 [INFO] DbExamples:333 - Set plugin images path to: E:\chuyennganh\vixuly\STM32Cube-IDE\STM32CubeIDE_1.7.0\STM32CubeIDE\plugins\com.st.stm32cube.common.mx_6.3.0.202107141111\\db\/plugins/mcufinder/images/
2024-09-11 00:10:48,597 [WARN] DbFile:35 - Overriding database path with different value: C:\Users\MSIFPT\.stmcufinder\plugins\mcufinder/ => C:\Users\MSIFPT\.stmcufinder\plugins\mcufinder
2024-09-11 00:10:48,597 [INFO] DbMcusAds:119 - Set database path to: C:\Users\MSIFPT\.stmcufinder\plugins\mcufinder//mcu/
2024-09-11 00:10:48,597 [WARN] DbFile:35 - Overriding database path with different value: C:\Users\MSIFPT\.stmcufinder\plugins\mcufinder/ => C:\Users\MSIFPT\.stmcufinder\plugins\mcufinder
2024-09-11 00:10:48,597 [INFO] DbMcusDocs:110 - Set database path to: C:\Users\MSIFPT\.stmcufinder\plugins\mcufinder//mcu/
2024-09-11 00:10:48,597 [WARN] DbFile:35 - Overriding database path with different value: C:\Users\MSIFPT\.stmcufinder\plugins\mcufinder/ => C:\Users\MSIFPT\.stmcufinder\plugins\mcufinder
2024-09-11 00:10:48,597 [INFO] DbMcusJson:64 - Set database path to: C:\Users\MSIFPT\.stmcufinder\plugins\mcufinder//mcu/
2024-09-11 00:10:48,597 [WARN] DbFile:35 - Overriding database path with different value: C:\Users\MSIFPT\.stmcufinder\plugins\mcufinder/ => C:\Users\MSIFPT\.stmcufinder\plugins\mcufinder
2024-09-11 00:10:48,597 [INFO] DbBoardsDocs:110 - Set database path to: C:\Users\MSIFPT\.stmcufinder\plugins\mcufinder//mcu/
2024-09-11 00:10:48,597 [WARN] DbFile:35 - Overriding database path with different value: C:\Users\MSIFPT\.stmcufinder\plugins\mcufinder/ => C:\Users\MSIFPT\.stmcufinder\plugins\mcufinder
2024-09-11 00:10:48,597 [INFO] DbBoardsJson:57 - Set database path to: C:\Users\MSIFPT\.stmcufinder\plugins\mcufinder//mcu/
2024-09-11 00:10:48,597 [WARN] DbFile:35 - Overriding database path with different value: C:\Users\MSIFPT\.stmcufinder\plugins\mcufinder/ => C:\Users\MSIFPT\.stmcufinder\plugins\mcufinder
2024-09-11 00:10:48,597 [WARN] DbFile:35 - Overriding database path with different value: C:\Users\MSIFPT\.stmcufinder\plugins\mcufinder/ => C:\Users\MSIFPT\.stmcufinder\plugins\mcufinder
2024-09-11 00:10:48,598 [INFO] CrossReferenceDbSqlite:196 - Set database path to: C:\Users\MSIFPT\.stmcufinder\plugins\mcufinder//mcu/cs/
2024-09-11 00:10:48,598 [WARN] DbFile:35 - Overriding database path with different value: C:\Users\MSIFPT\.stmcufinder\plugins\mcufinder/ => C:\Users\MSIFPT\.stmcufinder\plugins\mcufinder
2024-09-11 00:10:48,598 [INFO] DbExamplesSqlite:767 - Set database path to: C:\Users\MSIFPT\.stmcufinder\plugins\mcufinder//mcu/
2024-09-11 00:10:48,612 [INFO] ApplicationProperties:181 - Using Application install path: E:\chuyennganh\vixuly\STM32Cube-IDE\STM32CubeIDE_1.7.0\STM32CubeIDE\plugins\com.st.stm32cube.common.mx_6.3.0.202107141111
2024-09-11 00:10:48,613 [INFO] PluginManage:188 - Search for loadable plugins [exclusion list=, ]
2024-09-11 00:10:48,614 [INFO] PluginManage:302 - Check plugin analytics
2024-09-11 00:10:48,746 [INFO] AnalyticsPlugin:257 - Accepted Software Licenses: 
2024-09-11 00:10:48,746 [INFO] AnalyticsPlugin:259 - Accepted CMSIS Pack Licenses: 
2024-09-11 00:10:48,746 [INFO] AnalyticsPlugin:261 - Accepted Firmware Licenses: 
2024-09-11 00:10:48,746 [INFO] PluginManage:352 - Loaded plugin analytics (category:tool,tabindex:-1)
2024-09-11 00:10:48,746 [INFO] PluginManage:302 - Check plugin clock
2024-09-11 00:10:48,762 [INFO] PluginManage:352 - Loaded plugin clock (category:base,tabindex:2)
2024-09-11 00:10:48,762 [INFO] PluginManage:302 - Check plugin ddr
2024-09-11 00:10:48,765 [INFO] PluginManage:352 - Loaded plugin ddr (category:tool,tabindex:6)
2024-09-11 00:10:48,765 [INFO] PluginManage:302 - Check plugin filemanager
2024-09-11 00:10:48,861 [INFO] PluginManage:352 - Loaded plugin filemanager (category:base,tabindex:10)
2024-09-11 00:10:48,862 [INFO] PluginManage:302 - Check plugin ipmanager
2024-09-11 00:10:48,867 [INFO] PluginManage:352 - Loaded plugin ipmanager (category:base,tabindex:5)
2024-09-11 00:10:48,868 [INFO] PluginManage:302 - Check plugin pinoutandconfiguration
2024-09-11 00:10:48,882 [INFO] PluginManage:352 - Loaded plugin pinoutandconfiguration (category:base,tabindex:1)
2024-09-11 00:10:48,882 [INFO] PluginManage:302 - Check plugin pinoutconfig
2024-09-11 00:10:48,913 [INFO] PluginManage:352 - Loaded plugin pinoutconfig (category:base,tabindex:0)
2024-09-11 00:10:48,913 [INFO] PluginManage:302 - Check plugin power
2024-09-11 00:10:48,929 [INFO] PluginManage:352 - Loaded plugin power (category:power,tabindex:4)
2024-09-11 00:10:48,929 [INFO] PluginManage:302 - Check plugin projectmanager
2024-09-11 00:10:48,941 [INFO] PluginManage:352 - Loaded plugin projectmanager (category:projectmanager,tabindex:3)
2024-09-11 00:10:48,941 [INFO] PluginManage:302 - Check plugin thirdparty
2024-09-11 00:10:49,137 [INFO] PluginManage:352 - Loaded plugin thirdparty (category:base,tabindex:-1)
2024-09-11 00:10:49,138 [INFO] PluginManage:302 - Check plugin tools
2024-09-11 00:10:49,138 [WARN] IntegrityCheckThread:78 - waiting for thirdparty lock release [integrity check]
2024-09-11 00:10:49,139 [INFO] IntegrityCheckThread:80 - entering critical section [integrity check]
2024-09-11 00:10:49,139 [INFO] ThirdPartyUpdaterWithRetryManager:66 - Updater plugin not ready yet. [1/15]
2024-09-11 00:10:49,195 [INFO] PluginManage:352 - Loaded plugin tools (category:base,tabindex:7)
2024-09-11 00:10:49,195 [INFO] PluginManage:302 - Check plugin tutovideos
2024-09-11 00:10:49,400 [INFO] PluginManage:352 - Loaded plugin tutovideos (category:base,tabindex:-1)
2024-09-11 00:10:49,400 [INFO] PluginManage:302 - Check plugin updater
2024-09-11 00:10:49,410 [INFO] PluginManage:352 - Loaded plugin updater (category:base,tabindex:12)
2024-09-11 00:10:49,410 [INFO] PluginManage:275 - PluginManage : Loaded plugins [13]
2024-09-11 00:10:49,562 [INFO] PinOutPanel:1463 - setPackage(No Configuration,No Configuration)
2024-09-11 00:10:49,653 [INFO] IPUIPlugin:74 - create IPUIPlugin
2024-09-11 00:10:49,653 [INFO] PluginManager:213 - loadIPPluginJar : add adc
2024-09-11 00:10:49,718 [INFO] IPUIPlugin:74 - create IPUIPlugin
2024-09-11 00:10:49,718 [INFO] PluginManager:213 - loadIPPluginJar : add aes
2024-09-11 00:10:49,773 [INFO] IPUIPlugin:74 - create IPUIPlugin
2024-09-11 00:10:49,773 [INFO] PluginManager:213 - loadIPPluginJar : add can
2024-09-11 00:10:49,806 [INFO] IPUIPlugin:74 - create IPUIPlugin
2024-09-11 00:10:49,807 [INFO] PluginManager:213 - loadIPPluginJar : add comp
2024-09-11 00:10:49,847 [INFO] IPUIPlugin:74 - create IPUIPlugin
2024-09-11 00:10:49,847 [INFO] PluginManager:213 - loadIPPluginJar : add cryp
2024-09-11 00:10:49,890 [INFO] IPUIPlugin:74 - create IPUIPlugin
2024-09-11 00:10:49,890 [INFO] PluginManager:213 - loadIPPluginJar : add dfsdm
2024-09-11 00:10:49,903 [INFO] IPUIPlugin:74 - create IPUIPlugin
2024-09-11 00:10:49,904 [INFO] PluginManager:213 - loadIPPluginJar : add dma
2024-09-11 00:10:49,961 [INFO] IPUIPlugin:74 - create IPUIPlugin
2024-09-11 00:10:49,961 [INFO] PluginManager:213 - loadIPPluginJar : add dma3
2024-09-11 00:10:49,991 [INFO] IPUIPlugin:74 - create IPUIPlugin
2024-09-11 00:10:49,991 [INFO] PluginManager:213 - loadIPPluginJar : add fatfs
2024-09-11 00:10:50,047 [INFO] IPUIPlugin:74 - create IPUIPlugin
2024-09-11 00:10:50,047 [INFO] PluginManager:213 - loadIPPluginJar : add fmc
2024-09-11 00:10:50,061 [INFO] IPUIPlugin:74 - create IPUIPlugin
2024-09-11 00:10:50,061 [INFO] PluginManager:213 - loadIPPluginJar : add freertos
2024-09-11 00:10:50,090 [INFO] IPUIPlugin:74 - create IPUIPlugin
2024-09-11 00:10:50,090 [INFO] PluginManager:213 - loadIPPluginJar : add genericplugin
2024-09-11 00:10:50,185 [INFO] IPUIPlugin:74 - create IPUIPlugin
2024-09-11 00:10:50,185 [INFO] PluginManager:213 - loadIPPluginJar : add gfxmmu
2024-09-11 00:10:50,316 [INFO] IPUIPlugin:74 - create IPUIPlugin
2024-09-11 00:10:50,317 [INFO] PluginManager:213 - loadIPPluginJar : add gic
2024-09-11 00:10:50,327 [INFO] IPUIPlugin:74 - create IPUIPlugin
2024-09-11 00:10:50,327 [INFO] PluginManager:213 - loadIPPluginJar : add gpio
2024-09-11 00:10:50,403 [INFO] IPUIPlugin:74 - create IPUIPlugin
2024-09-11 00:10:50,403 [INFO] PluginManager:213 - loadIPPluginJar : add gtzc
2024-09-11 00:10:50,438 [INFO] IPUIPlugin:74 - create IPUIPlugin
2024-09-11 00:10:50,438 [INFO] PluginManager:213 - loadIPPluginJar : add hash
2024-09-11 00:10:50,493 [INFO] IPUIPlugin:74 - create IPUIPlugin
2024-09-11 00:10:50,494 [INFO] PluginManager:213 - loadIPPluginJar : add i2c
2024-09-11 00:10:50,538 [INFO] IPUIPlugin:74 - create IPUIPlugin
2024-09-11 00:10:50,538 [INFO] PluginManager:213 - loadIPPluginJar : add i2s
2024-09-11 00:10:50,548 [INFO] IPUIPlugin:74 - create IPUIPlugin
2024-09-11 00:10:50,548 [INFO] PluginManager:213 - loadIPPluginJar : add ipddr
2024-09-11 00:10:50,641 [INFO] IPUIPlugin:74 - create IPUIPlugin
2024-09-11 00:10:50,641 [INFO] PluginManager:213 - loadIPPluginJar : add linkedlist
2024-09-11 00:10:50,681 [INFO] IPUIPlugin:74 - create IPUIPlugin
2024-09-11 00:10:50,681 [INFO] PluginManager:213 - loadIPPluginJar : add lorawan
2024-09-11 00:10:50,722 [INFO] IPUIPlugin:74 - create IPUIPlugin
2024-09-11 00:10:50,722 [INFO] PluginManager:213 - loadIPPluginJar : add ltdc
2024-09-11 00:10:50,732 [INFO] IPUIPlugin:74 - create IPUIPlugin
2024-09-11 00:10:50,732 [INFO] PluginManager:213 - loadIPPluginJar : add mdma
2024-09-11 00:10:50,743 [INFO] IPUIPlugin:74 - create IPUIPlugin
2024-09-11 00:10:50,743 [INFO] PluginManager:213 - loadIPPluginJar : add nvic
2024-09-11 00:10:50,784 [INFO] IPUIPlugin:74 - create IPUIPlugin
2024-09-11 00:10:50,784 [INFO] PluginManager:213 - loadIPPluginJar : add opamp
2024-09-11 00:10:50,851 [INFO] IPUIPlugin:74 - create IPUIPlugin
2024-09-11 00:10:50,851 [INFO] PluginManager:213 - loadIPPluginJar : add openamp
2024-09-11 00:10:50,898 [INFO] IPUIPlugin:74 - create IPUIPlugin
2024-09-11 00:10:50,898 [INFO] PluginManager:213 - loadIPPluginJar : add pdm2pcm
2024-09-11 00:10:50,911 [INFO] IPUIPlugin:74 - create IPUIPlugin
2024-09-11 00:10:50,914 [INFO] PluginManager:213 - loadIPPluginJar : add plateformsettings
2024-09-11 00:10:50,942 [INFO] IPUIPlugin:74 - create IPUIPlugin
2024-09-11 00:10:50,942 [INFO] PluginManager:213 - loadIPPluginJar : add quadspi
2024-09-11 00:10:50,953 [INFO] IPUIPlugin:74 - create IPUIPlugin
2024-09-11 00:10:50,953 [INFO] PluginManager:213 - loadIPPluginJar : add resmgrutility
2024-09-11 00:10:51,007 [INFO] IPUIPlugin:74 - create IPUIPlugin
2024-09-11 00:10:51,007 [INFO] PluginManager:213 - loadIPPluginJar : add sai
2024-09-11 00:10:51,049 [INFO] IPUIPlugin:74 - create IPUIPlugin
2024-09-11 00:10:51,049 [INFO] PluginManager:213 - loadIPPluginJar : add spi
2024-09-11 00:10:51,106 [INFO] IPUIPlugin:74 - create IPUIPlugin
2024-09-11 00:10:51,106 [INFO] PluginManager:213 - loadIPPluginJar : add stm32_wpan
2024-09-11 00:10:51,136 [INFO] IPUIPlugin:74 - create IPUIPlugin
2024-09-11 00:10:51,136 [INFO] PluginManager:213 - loadIPPluginJar : add tim
2024-09-11 00:10:51,200 [INFO] IPUIPlugin:74 - create IPUIPlugin
2024-09-11 00:10:51,200 [INFO] PluginManager:213 - loadIPPluginJar : add touchsensing
2024-09-11 00:10:51,230 [INFO] IPUIPlugin:74 - create IPUIPlugin
2024-09-11 00:10:51,230 [INFO] PluginManager:213 - loadIPPluginJar : add tracer_emb
2024-09-11 00:10:51,261 [INFO] IPUIPlugin:74 - create IPUIPlugin
2024-09-11 00:10:51,261 [INFO] PluginManager:213 - loadIPPluginJar : add ts
2024-09-11 00:10:51,291 [INFO] IPUIPlugin:74 - create IPUIPlugin
2024-09-11 00:10:51,291 [INFO] PluginManager:213 - loadIPPluginJar : add tsc
2024-09-11 00:10:51,319 [INFO] IPUIPlugin:74 - create IPUIPlugin
2024-09-11 00:10:51,320 [INFO] PluginManager:213 - loadIPPluginJar : add ucpd
2024-09-11 00:10:51,368 [INFO] IPUIPlugin:74 - create IPUIPlugin
2024-09-11 00:10:51,368 [INFO] PluginManager:213 - loadIPPluginJar : add usart
2024-09-11 00:10:51,409 [INFO] IPUIPlugin:74 - create IPUIPlugin
2024-09-11 00:10:51,409 [INFO] PluginManager:213 - loadIPPluginJar : add usbx
2024-09-11 00:10:51,708 [FATAL] Updater:294 - Updater called before beeing initialized
2024-09-11 00:10:51,808 [FATAL] Updater:294 - Updater called before beeing initialized
2024-09-11 00:10:51,808 [INFO] DbMcusAds:47 - JSON generation date=Thu May 16 16:22:00 ICT 2024 (1715851320667)
2024-09-11 00:10:51,808 [FATAL] Updater:294 - Updater called before beeing initialized
2024-09-11 00:10:51,870 [WARN] DetailPanel:314 - Failed to get advertising image, set to default
2024-09-11 00:10:51,948 [FATAL] Updater:294 - Updater called before beeing initialized
2024-09-11 00:10:51,948 [FATAL] Updater:294 - Updater called before beeing initialized
2024-09-11 00:10:51,948 [FATAL] Updater:294 - Updater called before beeing initialized
2024-09-11 00:10:51,948 [WARN] DetailPanel:314 - Failed to get advertising image, set to default
2024-09-11 00:10:51,948 [FATAL] Updater:294 - Updater called before beeing initialized
2024-09-11 00:10:51,995 [ERROR] Updater:1075 - MainUpdater not yet initialized. External WinMGr cannot be set.
2024-09-11 00:10:52,011 [INFO] Updater:1012 - Updater Version found : 6.3.0
2024-09-11 00:10:52,027 [INFO] ApplicationProperties:181 - Using Application install path: E:\chuyennganh\vixuly\STM32Cube-IDE\STM32CubeIDE_1.7.0\STM32CubeIDE\plugins\com.st.stm32cube.common.mx_6.3.0.202107141111
2024-09-11 00:10:52,152 [INFO] ThirdPartyUpdaterWithRetryManager:66 - Updater plugin not ready yet. [2/15]
2024-09-11 00:10:52,401 [INFO] MainUpdater:2671 - connection check result : 10
2024-09-11 00:10:52,401 [INFO] MainUpdater:265 - Updater Check For Update Now.
2024-09-11 00:10:52,401 [INFO] MicroXplorer:478 - Change Database Version : DB.6.0.30
2024-09-11 00:10:52,589 [INFO] CheckServerUpdateThread:112 - End of CheckServer Thread
2024-09-11 00:10:52,651 [INFO] MainUpdater:2671 - connection check result : 10
2024-09-11 00:10:53,089 [INFO] McuFinderGlobals:52 - Set McuFinderConnectedMode to false
2024-09-11 00:10:53,183 [INFO] CrossSelectorPresenter:1330 - Cross Selector saved comparison directory: C:\Users\MSIFPT\.stmcufinder\plugins\mcufinder\mcu\cs_comparisons_mx
2024-09-11 00:10:53,183 [INFO] MultiScanPanel:197 - Auto-refresh data requested => check proxy status ongoing
2024-09-11 00:10:53,183 [INFO] MultiScanPanel:201 - Proxy status is invalid
2024-09-11 00:10:53,198 [INFO] FinderPluginLoader:87 - Searching for filters in installed packs
2024-09-11 00:10:53,198 [INFO] DbMcusXml:100 - Load MCU database from E:\chuyennganh\vixuly\STM32Cube-IDE\STM32CubeIDE_1.7.0\STM32CubeIDE\plugins\com.st.stm32cube.common.mx_6.3.0.202107141111\\db\/mcu/families.xml
2024-09-11 00:10:54,229 [INFO] DbMcusJson:93 - JSON generation date=Tue Nov 16 23:17:54 ICT 2021 (1637079474)
2024-09-11 00:10:54,917 [INFO] DbMcus:175 - Found 1951 MCUs (1903 are supported by CubeMX, 1914 are visible in CubeMX)
2024-09-11 00:10:54,917 [INFO] ApiDb:251 - Load user favorites file C:\Users\MSIFPT/.stm32cubeide/favorites.mcus.txt: 0 item(s)
2024-09-11 00:10:54,917 [INFO] ApiDb:255 - User favorites MCUs=[]
2024-09-11 00:10:54,917 [INFO] DbMcus:187 - Set 0 / 0 favorites MCUs
2024-09-11 00:10:55,355 [ERROR] Engine:463 - C:\Users\MSIFPT\.stm32cubemx\thirdparties\pdsc\STMicroelectronics.FP-SNS-MOTENVWB1.1.4.0.pdsc: PDSC version is not supported
2024-09-11 00:10:55,370 [ERROR] Engine:463 - C:\Users\MSIFPT\.stm32cubemx\thirdparties\pdsc\STMicroelectronics.X-CUBE-SMBUS.2.1.0.pdsc: PDSC version is not supported
2024-09-11 00:10:55,448 [WARN] PackLoader:238 - Cannot read IP mode file for STMicroelectronics.X-CUBE-AZRTOS-F7.1.1.0
2024-09-11 00:10:55,464 [INFO] DetailPanel:309 - Set advertising image to C:/Users/MSIFPT/STM32Cube/Repository/\en.prom-stm32h7rs-mcu-finder.jpg
2024-09-11 00:10:55,558 [WARN] PackLoader:238 - Cannot read IP mode file for STMicroelectronics.X-CUBE-MEMS1.11.0.0
2024-09-11 00:10:55,886 [ERROR] Engine:463 - C:\Users\MSIFPT\.stm32cubemx\thirdparties\pdsc\STMicroelectronics.FP-SNS-FLIGHT1.5.0.2.pdsc: PDSC version is not supported
2024-09-11 00:10:55,901 [ERROR] Engine:463 - C:\Users\MSIFPT\.stm32cubemx\thirdparties\pdsc\STMicroelectronics.X-CUBE-DISPLAY.3.0.0.pdsc: PDSC version is not supported
2024-09-11 00:10:55,917 [WARN] PackLoader:238 - Cannot read IP mode file for STMicroelectronics.X-CUBE-BLE1.7.0.0
2024-09-11 00:10:55,933 [ERROR] Engine:463 - C:\Users\MSIFPT\.stm32cubemx\thirdparties\pdsc\emotas.I-CUBE-CANOPEN.1.3.0.pdsc: PDSC version is not supported
2024-09-11 00:10:55,948 [ERROR] Engine:463 - C:\Users\MSIFPT\.stm32cubemx\thirdparties\pdsc\STMicroelectronics.X-CUBE-BLEMGR.3.1.0.pdsc: PDSC version is not supported
2024-09-11 00:10:55,948 [ERROR] Engine:463 - C:\Users\MSIFPT\.stm32cubemx\thirdparties\pdsc\STMicroelectronics.FP-SNS-SMARTAG2.1.2.0.pdsc: PDSC version is not supported
2024-09-11 00:10:55,979 [INFO] LogOutputStream:76 - [STDOUT_REDIRECT] 1 : Invalid condition id : UX_CORESTACK_Condition cause : null
2024-09-11 00:10:55,979 [INFO] LogOutputStream:76 - [STDOUT_REDIRECT] 1 : Invalid condition id : UX_CORESTACK_Condition cause : null
2024-09-11 00:10:55,979 [INFO] LogOutputStream:76 - [STDOUT_REDIRECT] 1 : Invalid condition id : UX_CORESTACK_Condition cause : null
2024-09-11 00:10:55,979 [INFO] LogOutputStream:76 - [STDOUT_REDIRECT] 1 : Invalid condition id : UX_CORESTACK_Condition cause : null
2024-09-11 00:10:55,979 [INFO] LogOutputStream:76 - [STDOUT_REDIRECT] 1 : Invalid condition id : UX_CORESTACK_Condition cause : null
2024-09-11 00:10:55,979 [WARN] PackLoader:238 - Cannot read IP mode file for STMicroelectronics.X-CUBE-AZRTOS-WL.2.0.0
2024-09-11 00:10:55,995 [ERROR] Engine:463 - C:\Users\MSIFPT\.stm32cubemx\thirdparties\pdsc\STMicroelectronics.FP-SNS-MOTENV1.5.0.0.pdsc: PDSC version is not supported
2024-09-11 00:10:56,011 [INFO] DbBoardsPdsc:90 - Found 25 items
2024-09-11 00:10:56,011 [WARN] PackLoader:238 - Cannot read IP mode file for wolfSSL.I-CUBE-wolfMQTT.1.19.0
2024-09-11 00:10:56,011 [INFO] DbBoardsPdsc:90 - Found 9 items
2024-09-11 00:10:56,026 [WARN] PackLoader:238 - Cannot read IP mode file for WES.I-CUBE-Cesium.1.3.0
2024-09-11 00:10:56,026 [INFO] DbBoardsPdsc:90 - Found 33 items
2024-09-11 00:10:56,042 [WARN] PackLoader:238 - Cannot read IP mode file for STMicroelectronics.X-CUBE-BLE2.3.3.0
2024-09-11 00:10:56,042 [INFO] DbBoardsPdsc:90 - Found 1 items
2024-09-11 00:10:56,058 [ERROR] Engine:463 - C:\Users\MSIFPT\.stm32cubemx\thirdparties\pdsc\STMicroelectronics.X-CUBE-TCPP.4.1.0.pdsc: PDSC version is not supported
2024-09-11 00:10:56,058 [INFO] DbBoardsPdsc:90 - Found 48 items
2024-09-11 00:10:56,089 [INFO] DbBoardsPdsc:90 - Found 43 items
2024-09-11 00:10:56,104 [WARN] PackLoader:238 - Cannot read IP mode file for STMicroelectronics.X-CUBE-AZRTOS-G0.1.1.0
2024-09-11 00:10:56,104 [INFO] DbBoardsPdsc:90 - Found 2 items
2024-09-11 00:10:56,120 [INFO] DbBoardsPdsc:90 - Found 5 items
2024-09-11 00:10:56,120 [WARN] PackLoader:238 - Cannot read IP mode file for STMicroelectronics.X-CUBE-SAFEA1.1.2.2
2024-09-11 00:10:56,120 [WARN] DbBoardsPdsc:254 - Board STM32H7B3I-DK: unknown feature type=Audio, name=, username=Audio stereo codec with Headphone Amp (CS42L51-CNZ), n=1
2024-09-11 00:10:56,120 [WARN] DbBoardsPdsc:254 - Board STM32H735G-DK: unknown feature type=Audio, name=, username=Audio stereo codec with Headphone Amp (WM8994ECS/R), n=1
2024-09-11 00:10:56,120 [WARN] DbBoardsPdsc:254 - Board STM32H7B3I-EVAL: unknown feature type=Audio, name=, username=Multi-Channel Audio Codec (CS42L51-CNZ), n=1
2024-09-11 00:10:56,120 [WARN] DbBoardsPdsc:254 - Board STM32H7B3I-EVAL: unknown feature type=Meter, name=, username=Power-metering and Temperature-monitoring with sigma-delta modulators, n=1
2024-09-11 00:10:56,120 [WARN] DbBoardsPdsc:254 - Board STM32H7B3I-EVAL: unknown feature type=Motor, name=, username=Motor Control, n=1
2024-09-11 00:10:56,120 [WARN] DbBoardsPdsc:254 - Board STM32U575I-EV: unknown feature type=joystick, name=, username=4-direction joystick with selection button, n=1
2024-09-11 00:10:56,136 [WARN] PackLoader:238 - Cannot read IP mode file for STMicroelectronics.X-CUBE-NFC4.3.0.0
2024-09-11 00:10:56,151 [ERROR] Engine:463 - C:\Users\MSIFPT\.stm32cubemx\thirdparties\pdsc\RealThread.X-CUBE-RT-Thread_Nano.4.1.1.pdsc: PDSC version is not supported
2024-09-11 00:10:56,167 [WARN] PackLoader:238 - Cannot read IP mode file for STMicroelectronics.FP-ATR-SIGFOX1.3.2.0
2024-09-11 00:10:56,167 [INFO] DbBoardsJson:86 - JSON generation date=Tue Nov 16 23:17:54 ICT 2021 (1637079474)
2024-09-11 00:10:56,182 [WARN] PackLoader:238 - Cannot read IP mode file for wolfSSL.I-CUBE-wolfSSL.5.7.2
2024-09-11 00:10:56,182 [INFO] DbBoards:117 - Found 167 boards (163 are supported by CubeMX)
2024-09-11 00:10:56,198 [WARN] PackLoader:238 - Cannot read IP mode file for STMicroelectronics.X-CUBE-EEPRMA1.5.1.0
2024-09-11 00:10:56,198 [INFO] DbBoardsDocs:143 - JSON generation date=Tue Nov 16 23:17:54 ICT 2021 (1637079474)
2024-09-11 00:10:56,198 [INFO] DbBoardsDocs:79 - Found 209 boards documents
2024-09-11 00:10:56,198 [WARN] DbBoards:127 - board B-L475E-IOT01A2 has no document id list !
2024-09-11 00:10:56,198 [WARN] DbBoards:127 - board NUCLEO-H743ZI has no document id list !
2024-09-11 00:10:56,198 [WARN] DbBoards:127 - board NUCLEO-WL55JC2 has no document id list !
2024-09-11 00:10:56,198 [WARN] DbBoards:127 - board P-NUCLEO-WB55-Nucleo has no document id list !
2024-09-11 00:10:56,198 [WARN] DbBoards:127 - board P-NUCLEO-WB55-USBDongle has no document id list !
2024-09-11 00:10:56,198 [WARN] DbBoards:127 - board STEVAL-BFA001V1B has no document id list !
2024-09-11 00:10:56,198 [WARN] DbBoards:127 - board STEVAL-BFA001V2B has no document id list !
2024-09-11 00:10:56,198 [WARN] DbBoards:127 - board STEVAL-IDP005V1 has no document id list !
2024-09-11 00:10:56,198 [WARN] DbBoards:127 - board STEVAL-IDP005V2 has no document id list !
2024-09-11 00:10:56,198 [WARN] DbBoards:127 - board STEVAL-MKSBOX1V1 has no document id list !
2024-09-11 00:10:56,198 [WARN] DbBoards:127 - board STEVAL-STWINKT1 has no document id list !
2024-09-11 00:10:56,198 [WARN] DbBoards:127 - board STEVAL-STWINKT1B has no document id list !
2024-09-11 00:10:56,198 [WARN] DbBoards:127 - board STM32439I-EVAL2 has no document id list !
2024-09-11 00:10:56,198 [WARN] DbBoards:127 - board STM32F401C-DISCO has no document id list !
2024-09-11 00:10:56,198 [WARN] DbBoards:127 - board STM32F769I-DISC1 has no document id list !
2024-09-11 00:10:56,198 [WARN] DbBoards:127 - board STM32G474E-EVAL1 has no document id list !
2024-09-11 00:10:56,198 [WARN] DbBoards:127 - board STM32H743I-EVAL2 has no document id list !
2024-09-11 00:10:56,198 [WARN] DbBoards:127 - board STM32H747I-DISC1 has no document id list !
2024-09-11 00:10:56,214 [WARN] DbBoards:127 - board STM32H753I-EVAL2 has no document id list !
2024-09-11 00:10:56,214 [WARN] DbBoards:127 - board STM32L-DISCOVERY has no document id list !
2024-09-11 00:10:56,214 [ERROR] Engine:463 - C:\Users\MSIFPT\.stm32cubemx\thirdparties\pdsc\ITTIA_DB.I-CUBE-ITTIADB.8.9.0.pdsc: PDSC version is not supported
2024-09-11 00:10:56,276 [WARN] PackLoader:238 - Cannot read IP mode file for SEGGER.I-CUBE-embOS.1.3.1
2024-09-11 00:10:56,354 [WARN] PackLoader:238 - Cannot read IP mode file for STMicroelectronics.X-CUBE-ALGOBUILD.1.4.0
2024-09-11 00:10:56,370 [WARN] PackLoader:238 - Cannot read IP mode file for STMicroelectronics.X-CUBE-GNSS1.6.0.0
2024-09-11 00:10:56,401 [WARN] PackLoader:238 - Cannot read IP mode file for STMicroelectronics.X-CUBE-AZRTOS-F4.1.1.0
2024-09-11 00:10:56,417 [ERROR] Engine:463 - C:\Users\MSIFPT\.stm32cubemx\thirdparties\pdsc\STMicroelectronics.X-CUBE-FREERTOS.1.2.0.pdsc: PDSC version is not supported
2024-09-11 00:10:56,448 [ERROR] DbBoards:189 - Image file not found for board B-U585I-IOT02A: E:\chuyennganh\vixuly\STM32Cube-IDE\STM32CubeIDE_1.7.0\STM32CubeIDE\plugins\com.st.stm32cube.common.mx_6.3.0.202107141111\\db\/plugins/mcufinder/images/boards/B-U585I-IOT02A_small.jpg
2024-09-11 00:10:56,464 [WARN] PackLoader:238 - Cannot read IP mode file for STMicroelectronics.X-CUBE-AZRTOS-L5.2.0.0
2024-09-11 00:10:56,479 [WARN] PackLoader:238 - Cannot read IP mode file for STMicroelectronics.X-CUBE-NFC6.3.1.0
2024-09-11 00:10:56,495 [ERROR] Engine:463 - C:\Users\MSIFPT\.stm32cubemx\thirdparties\pdsc\STMicroelectronics.X-CUBE-DPower.1.2.0.pdsc: PDSC version is not supported
2024-09-11 00:10:56,511 [WARN] PackLoader:238 - Cannot read IP mode file for STMicroelectronics.X-CUBE-AI.9.0.0
2024-09-11 00:10:56,511 [WARN] PackLoader:238 - Cannot read IP mode file for STMicroelectronics.X-CUBE-NFC7.1.0.1
2024-09-11 00:10:56,557 [WARN] ConditionMgr:437 - getConditionDescription Invalid condition id : LAN8742 Phy interface Condition cause : null
2024-09-11 00:10:56,557 [WARN] PackLoader:238 - Cannot read IP mode file for STMicroelectronics.X-CUBE-AZRTOS-L4.2.0.0
2024-09-11 00:10:56,557 [WARN] ConditionMgr:1038 - genDependencies : Invalid condition id : LAN8742 Phy interface Condition cause : null
2024-09-11 00:10:56,557 [WARN] ConditionMgr:1038 - genDependencies : Invalid condition id : LAN8742 Phy interface Condition cause : null
2024-09-11 00:10:56,557 [WARN] ConditionMgr:1038 - genDependencies : Invalid condition id : LAN8742 Phy interface Condition cause : null
2024-09-11 00:10:56,573 [WARN] PackLoader:238 - Cannot read IP mode file for STMicroelectronics.X-CUBE-SFXS2LP1.4.0.0
2024-09-11 00:10:56,604 [ERROR] DbBoards:189 - Image file not found for board NUCLEO-F413ZH: E:\chuyennganh\vixuly\STM32Cube-IDE\STM32CubeIDE_1.7.0\STM32CubeIDE\plugins\com.st.stm32cube.common.mx_6.3.0.202107141111\\db\/plugins/mcufinder/images/boards/nucleo-f413zh_small.jpg
2024-09-11 00:10:56,620 [WARN] PackLoader:238 - Cannot read IP mode file for STMicroelectronics.X-CUBE-AZRTOS-H7.3.3.0
2024-09-11 00:10:56,651 [WARN] ConditionMgr:437 - getConditionDescription Invalid condition id : UX DEVICE CLASS RTOS Condition cause : null
2024-09-11 00:10:56,651 [WARN] ConditionMgr:437 - getConditionDescription Invalid condition id : UX DEVICE CLASS RTOS Condition cause : null
2024-09-11 00:10:56,651 [WARN] PackLoader:238 - Cannot read IP mode file for STMicroelectronics.X-CUBE-AZRTOS-WB.2.0.0
2024-09-11 00:10:56,651 [WARN] ConditionMgr:1038 - genDependencies : Invalid condition id : UX DEVICE CLASS RTOS Condition cause : null
2024-09-11 00:10:56,651 [WARN] ConditionMgr:1038 - genDependencies : Invalid condition id : UX DEVICE CLASS RTOS Condition cause : null
2024-09-11 00:10:56,651 [WARN] ConditionMgr:1038 - genDependencies : Invalid condition id : UX DEVICE CLASS RTOS Condition cause : null
2024-09-11 00:10:56,651 [WARN] ConditionMgr:1038 - genDependencies : Invalid condition id : UX DEVICE CLASS RTOS Condition cause : null
2024-09-11 00:10:56,651 [WARN] ConditionMgr:1038 - genDependencies : Invalid condition id : UX DEVICE CLASS RTOS Condition cause : null
2024-09-11 00:10:56,651 [ERROR] Engine:463 - C:\Users\MSIFPT\.stm32cubemx\thirdparties\pdsc\STMicroelectronics.FP-SNS-STBOX1.2.0.0.pdsc: PDSC version is not supported
2024-09-11 00:10:56,682 [WARN] PackLoader:238 - Cannot read IP mode file for STMicroelectronics.X-CUBE-SUBG2.5.0.0
2024-09-11 00:10:56,698 [ERROR] Engine:463 - C:\Users\MSIFPT\.stm32cubemx\thirdparties\pdsc\Cesanta.I-CUBE-Mongoose.7.13.0.pdsc: PDSC version is not supported
2024-09-11 00:10:56,729 [WARN] PackLoader:238 - Cannot read IP mode file for STMicroelectronics.X-CUBE-AZRTOS-G4.2.0.0
2024-09-11 00:10:56,729 [WARN] PackLoader:238 - Cannot read IP mode file for STMicroelectronics.X-CUBE-ISPU.2.0.0
2024-09-11 00:10:56,745 [ERROR] Engine:463 - C:\Users\MSIFPT\.stm32cubemx\thirdparties\pdsc\STMicroelectronics.X-CUBE-ALS.1.0.2.pdsc: PDSC version is not supported
2024-09-11 00:10:56,760 [WARN] PackLoader:238 - Cannot read IP mode file for STMicroelectronics.X-CUBE-TOUCHGFX.4.24.0
2024-09-11 00:10:56,760 [WARN] PackLoader:238 - Cannot read IP mode file for wolfSSL.I-CUBE-wolfTPM.3.4.0
2024-09-11 00:10:56,776 [WARN] PackLoader:238 - Cannot read IP mode file for portGmbH.I-Cube-SoM-uGOAL.1.1.0
2024-09-11 00:10:56,807 [WARN] PackLoader:238 - Cannot read IP mode file for STMicroelectronics.X-CUBE-AZRTOS-H7RS.1.0.0
2024-09-11 00:10:56,807 [WARN] PackLoader:238 - Cannot read IP mode file for STMicroelectronics.FP-ATR-ASTRA1.2.0.0
2024-09-11 00:10:56,823 [ERROR] Engine:463 - C:\Users\MSIFPT\.stm32cubemx\thirdparties\pdsc\STMicroelectronics.X-CUBE-TOF1.3.4.2.pdsc: PDSC version is not supported
2024-09-11 00:10:56,839 [ERROR] DbBoards:189 - Image file not found for board NUCLEO-L552ZE-Q: E:\chuyennganh\vixuly\STM32Cube-IDE\STM32CubeIDE_1.7.0\STM32CubeIDE\plugins\com.st.stm32cube.common.mx_6.3.0.202107141111\\db\/plugins/mcufinder/images/boards/nucleo_l552ze_q_small.jpg
2024-09-11 00:10:56,839 [ERROR] DbBoards:189 - Image file not found for board NUCLEO-U575ZI-Q: E:\chuyennganh\vixuly\STM32Cube-IDE\STM32CubeIDE_1.7.0\STM32CubeIDE\plugins\com.st.stm32cube.common.mx_6.3.0.202107141111\\db\/plugins/mcufinder/images/boards/nucleo-u575zi-q_small.jpg
2024-09-11 00:10:56,839 [ERROR] DbBoards:189 - Image file not found for board NUCLEO-WB15CC: E:\chuyennganh\vixuly\STM32Cube-IDE\STM32CubeIDE_1.7.0\STM32CubeIDE\plugins\com.st.stm32cube.common.mx_6.3.0.202107141111\\db\/plugins/mcufinder/images/boards/nucleo-wb15cc_small.jpg
2024-09-11 00:10:56,839 [ERROR] DbBoards:189 - Image file not found for board NUCLEO-WB55RG: E:\chuyennganh\vixuly\STM32Cube-IDE\STM32CubeIDE_1.7.0\STM32CubeIDE\plugins\com.st.stm32cube.common.mx_6.3.0.202107141111\\db\/plugins/mcufinder/images/boards/nucleo-wb55rg_small.jpg
2024-09-11 00:10:56,839 [ERROR] Engine:463 - C:\Users\MSIFPT\.stm32cubemx\thirdparties\pdsc\Infineon.AIROC-Wi-Fi-Bluetooth-STM32.1.6.1.pdsc: PDSC version is not supported
2024-09-11 00:10:56,854 [WARN] PackLoader:238 - Cannot read IP mode file for wolfSSL.I-CUBE-wolfSSH.1.4.17
2024-09-11 00:10:56,854 [INFO] ThirdParty:915 - Integrity check success = true
2024-09-11 00:10:56,854 [INFO] IntegrityCheckThread:94 - exiting critical section [integrity check]
2024-09-11 00:10:56,854 [INFO] IntegrityCheckThread:97 - End integrity checks thread
2024-09-11 00:10:58,479 [INFO] ApiDb:251 - Load user favorites file C:\Users\MSIFPT/.stm32cubeide/favorites.boards.txt: 0 item(s)
2024-09-11 00:10:58,479 [INFO] ApiDb:255 - User favorites Boards=[]
2024-09-11 00:10:58,479 [INFO] DbBoards:206 - Set 0 / 0 favorites Boards
2024-09-11 00:11:31,551 [INFO] DbMcusDocs:143 - JSON generation date=Tue Nov 16 23:17:54 ICT 2021 (1637079474)
2024-09-11 00:11:31,863 [INFO] DbMcusDocs:79 - Found 682 MCUs documents
2024-09-11 00:12:08,480 [INFO] MainUpdater:2671 - connection check result : 10
2024-09-11 00:12:08,480 [INFO] MainUpdater:2671 - connection check result : 10
2024-09-11 00:12:08,543 [INFO] MicroXplorer:448 - Change Database Path : 
2024-09-11 00:12:08,543 [INFO] MicroXplorer:478 - Change Database Version : DB.6.0.30
2024-09-11 00:12:08,543 [WARN] ThirdParty:813 - waiting for thirdparty lock release [close project]
2024-09-11 00:12:08,543 [INFO] ThirdParty:815 - entering critical section [close project]
2024-09-11 00:12:08,543 [INFO] ThirdParty:825 - exiting critical section [close project]
2024-09-11 00:12:08,543 [INFO] PinOutPanel:1463 - setPackage(No Configuration,No Configuration)
2024-09-11 00:12:08,543 [INFO] UtilMem:74 - Begin LoadConfig() Used Memory: 831625288 Bytes (1017118720)
2024-09-11 00:12:08,543 [INFO] MicroXplorer:448 - Change Database Path : 
2024-09-11 00:12:08,543 [INFO] MicroXplorer:478 - Change Database Version : DB.6.0.30
2024-09-11 00:12:08,543 [INFO] OpenFileManager:313 - Change cursor
2024-09-11 00:12:09,278 [INFO] Context:592 - Trying to add GPIOservice into a context  which must be forbidden
2024-09-11 00:12:09,512 [INFO] ImportTextPane:167 - (OptionalMessage_ERROR) Unable to find key (Mcu.ThirdPartyNb) in loaded IOC file
2024-09-11 00:12:09,512 [INFO] ImportTextPane:167 - (OptionalMessage_ERROR) Unable to find key (Mcu.PinsNb) in loaded IOC file
2024-09-11 00:12:09,512 [INFO] ImportTextPane:167 - (OptionalMessage_ERROR) Unable to find key (Mcu.IPNb) in loaded IOC file
2024-09-11 00:12:09,543 [WARN] ApiManager:304 - Cannot register API 'Board Extension:GNSS1A1' from pack STMicroelectronics.X-CUBE-GNSS1.6.0.0: no header file found
2024-09-11 00:12:09,543 [WARN] ApiManager:304 - Cannot register API 'Board Support:Custom' from pack STMicroelectronics.X-CUBE-GNSS1.6.0.0: no header file found
2024-09-11 00:12:09,543 [WARN] ApiManager:304 - Cannot register API 'Data Exchange:lib_gnss' from pack STMicroelectronics.X-CUBE-GNSS1.6.0.0: no header file found
2024-09-11 00:12:09,559 [WARN] ApiManager:304 - Cannot register API 'Board Extension:NFC06A1' from pack STMicroelectronics.X-CUBE-NFC6.3.1.0: no header file found
2024-09-11 00:12:09,559 [WARN] ApiManager:304 - Cannot register API 'Board Extension:NFC08A1' from pack STMicroelectronics.X-CUBE-NFC6.3.1.0: no header file found
2024-09-11 00:12:09,762 [WARN] ApiManager:304 - Cannot register API 'Board Extension:IKS01A3' from pack STMicroelectronics.X-CUBE-MEMS1.11.0.0: no header file found
2024-09-11 00:12:09,762 [WARN] ApiManager:304 - Cannot register API 'Board Extension:IKS02A1' from pack STMicroelectronics.X-CUBE-MEMS1.11.0.0: no header file found
2024-09-11 00:12:09,762 [WARN] ApiManager:304 - Cannot register API 'Board Extension:IKS4A1' from pack STMicroelectronics.X-CUBE-MEMS1.11.0.0: no header file found
2024-09-11 00:12:09,777 [INFO] RtosManager:484 - Registered RTOS mode: class=CMSIS, group=RTOS, mode=CMSIS_V1, owner=FREERTOS
2024-09-11 00:12:09,777 [INFO] RtosManager:484 - Registered RTOS mode: class=CMSIS, group=RTOS2, mode=CMSIS_V2, owner=FREERTOS
2024-09-11 00:12:09,777 [INFO] RtosManager:484 - Registered RTOS mode: class=RTOS, group=Core, mode=CMSIS_V1, owner=FREERTOS
2024-09-11 00:12:09,777 [INFO] RtosManager:484 - Registered RTOS mode: class=RTOS, group=Core, mode=CMSIS_V2, owner=FREERTOS
2024-09-11 00:12:09,777 [WARN] ModelIntegratedComponent:181 - Missing modes for component STMicroelectronics:FreeRTOS:0.0.1:STMicroelectronics:RTOS:FreeRTOS:Core:::10.2.0:
2024-09-11 00:12:09,777 [WARN] ApiManager:304 - Cannot register API 'Board Extension:STSAFEA1' from pack STMicroelectronics.X-CUBE-SAFEA1.1.2.2: no header file found
2024-09-11 00:12:09,777 [WARN] ApiManager:304 - Cannot register API 'Board Part:STSAFEA110' from pack STMicroelectronics.X-CUBE-SAFEA1.1.2.2: no header file found
2024-09-11 00:12:09,777 [WARN] ApiManager:304 - Cannot register API 'Security:ST_Cryptolib' from pack STMicroelectronics.X-CUBE-SAFEA1.1.2.2: no header file found
2024-09-11 00:12:09,777 [WARN] ApiManager:304 - Cannot register API 'Security:MbedTLS' from pack STMicroelectronics.X-CUBE-SAFEA1.1.2.2: no header file found
2024-09-11 00:12:09,777 [WARN] ApiManager:304 - Cannot register API 'Board Extension:NFC04A1' from pack STMicroelectronics.X-CUBE-NFC4.3.0.0: no header file found
2024-09-11 00:12:09,777 [WARN] ApiManager:304 - Cannot register API 'Board Extension:S2868A1' from pack STMicroelectronics.X-CUBE-SUBG2.5.0.0: no header file found
2024-09-11 00:12:09,777 [WARN] ApiManager:304 - Cannot register API 'Board Extension:S2868A2' from pack STMicroelectronics.X-CUBE-SUBG2.5.0.0: no header file found
2024-09-11 00:12:09,777 [WARN] ApiManager:304 - Cannot register API 'Board Extension:S2915A1' from pack STMicroelectronics.X-CUBE-SUBG2.5.0.0: no header file found
2024-09-11 00:12:09,777 [WARN] ApiManager:304 - Cannot register API 'Wireless:BlueNRG-MS' from pack STMicroelectronics.X-CUBE-BLE1.7.0.0: no header file found
2024-09-11 00:12:09,777 [WARN] ApiManager:304 - Cannot register API 'Board Extension:EEPRMA2' from pack STMicroelectronics.X-CUBE-EEPRMA1.5.1.0: no header file found
2024-09-11 00:12:09,777 [WARN] ApiManager:304 - Cannot register API 'Board Extension:PGEEZ1' from pack STMicroelectronics.X-CUBE-EEPRMA1.5.1.0: no header file found
2024-09-11 00:12:09,777 [WARN] ApiManager:304 - Cannot register API 'Board Extension:EEICA1' from pack STMicroelectronics.X-CUBE-EEPRMA1.5.1.0: no header file found
2024-09-11 00:12:09,777 [WARN] ApiManager:304 - Cannot register API 'Board Part:M24' from pack STMicroelectronics.X-CUBE-EEPRMA1.5.1.0: no header file found
2024-09-11 00:12:09,777 [WARN] ApiManager:304 - Cannot register API 'Board Part:M95' from pack STMicroelectronics.X-CUBE-EEPRMA1.5.1.0: no header file found
2024-09-11 00:12:09,777 [WARN] ApiManager:304 - Cannot register API 'Board Part:M95P32' from pack STMicroelectronics.X-CUBE-EEPRMA1.5.1.0: no header file found
2024-09-11 00:12:09,777 [WARN] ApiManager:304 - Cannot register API 'Board Part:M24256E-F' from pack STMicroelectronics.X-CUBE-EEPRMA1.5.1.0: no header file found
2024-09-11 00:12:09,777 [WARN] ApiManager:304 - Cannot register API 'Board Part:M24M01E-F' from pack STMicroelectronics.X-CUBE-EEPRMA1.5.1.0: no header file found
2024-09-11 00:12:09,777 [WARN] ApiManager:304 - Cannot register API 'PGEEZ1:SPI' from pack STMicroelectronics.X-CUBE-EEPRMA1.5.1.0: no header file found
2024-09-11 00:12:09,777 [WARN] ApiManager:304 - Cannot register API 'PGEEZ1:QDSPI' from pack STMicroelectronics.X-CUBE-EEPRMA1.5.1.0: no header file found
2024-09-11 00:12:09,777 [WARN] ModelIntegratedComponent:60 - No mode defined for component null
2024-09-11 00:12:09,777 [WARN] ModelIntegratedComponent:60 - No mode defined for component null
2024-09-11 00:12:09,777 [WARN] ModelIntegratedComponent:60 - No mode defined for component null
2024-09-11 00:12:09,777 [WARN] ModelIntegratedComponent:60 - No mode defined for component null
2024-09-11 00:12:09,777 [WARN] ModelIntegratedComponent:60 - No mode defined for component null
2024-09-11 00:12:09,777 [WARN] ModelIntegratedComponent:60 - No mode defined for component null
2024-09-11 00:12:09,777 [WARN] ModelIntegratedComponent:60 - No mode defined for component null
2024-09-11 00:12:09,777 [WARN] ModelIntegratedComponent:60 - No mode defined for component null
2024-09-11 00:12:09,793 [WARN] ModelIntegratedComponent:60 - No mode defined for component null
2024-09-11 00:12:09,793 [WARN] ModelIntegratedComponent:60 - No mode defined for component null
2024-09-11 00:12:09,793 [WARN] ModelIntegratedComponent:60 - No mode defined for component null
2024-09-11 00:12:09,793 [WARN] ModelIntegratedComponent:60 - No mode defined for component null
2024-09-11 00:12:09,793 [WARN] ModelIntegratedComponent:60 - No mode defined for component null
2024-09-11 00:12:09,793 [WARN] ModelIntegratedComponent:60 - No mode defined for component null
2024-09-11 00:12:09,793 [WARN] ModelIntegratedComponent:60 - No mode defined for component null
2024-09-11 00:12:09,793 [WARN] ModelIntegratedComponent:60 - No mode defined for component null
2024-09-11 00:12:09,793 [WARN] ModelIntegratedComponent:60 - No mode defined for component null
2024-09-11 00:12:09,793 [WARN] ModelIntegratedComponent:60 - No mode defined for component null
2024-09-11 00:12:09,793 [WARN] ModelIntegratedComponent:60 - No mode defined for component null
2024-09-11 00:12:09,793 [WARN] ModelIntegratedComponent:60 - No mode defined for component null
2024-09-11 00:12:09,793 [WARN] ModelIntegratedComponent:60 - No mode defined for component null
2024-09-11 00:12:09,793 [WARN] ModelIntegratedComponent:60 - No mode defined for component null
2024-09-11 00:12:09,793 [WARN] ModelIntegratedComponent:60 - No mode defined for component null
2024-09-11 00:12:09,793 [WARN] ModelIntegratedComponent:60 - No mode defined for component null
2024-09-11 00:12:09,793 [WARN] ModelIntegratedComponent:60 - No mode defined for component null
2024-09-11 00:12:09,793 [WARN] ModelIntegratedComponent:60 - No mode defined for component null
2024-09-11 00:12:09,793 [WARN] ModelIntegratedComponent:60 - No mode defined for component null
2024-09-11 00:12:09,793 [WARN] ModelIntegratedComponent:60 - No mode defined for component null
2024-09-11 00:12:09,793 [WARN] ModelIntegratedComponent:60 - No mode defined for component null
2024-09-11 00:12:09,793 [WARN] ModelIntegratedComponent:60 - No mode defined for component null
2024-09-11 00:12:09,793 [WARN] ModelIntegratedComponent:60 - No mode defined for component null
2024-09-11 00:12:09,793 [WARN] ApiManager:304 - Cannot register API 'Board Extension:NFC07A1' from pack STMicroelectronics.X-CUBE-NFC7.1.0.1: no header file found
2024-09-11 00:12:09,809 [WARN] ApiManager:304 - Cannot register API 'Board Extension:S2868A1' from pack STMicroelectronics.X-CUBE-SFXS2LP1.4.0.0: no header file found
2024-09-11 00:12:09,809 [WARN] ApiManager:304 - Cannot register API 'Board Extension:S2868A2' from pack STMicroelectronics.X-CUBE-SFXS2LP1.4.0.0: no header file found
2024-09-11 00:12:09,809 [WARN] ApiManager:304 - Cannot register API 'Board Extension:S2915A1' from pack STMicroelectronics.X-CUBE-SFXS2LP1.4.0.0: no header file found
2024-09-11 00:12:09,809 [WARN] ApiManager:304 - Cannot register API 'Wireless:BlueNRG-2' from pack STMicroelectronics.X-CUBE-BLE2.3.3.0: no header file found
2024-09-11 00:12:11,508 [INFO] UtilMem:74 - End LoadConfig() Used Memory: 840479656 Bytes (1017118720)
2024-09-11 00:12:11,513 [WARN] ThirdParty:779 - waiting for thirdparty lock release [change project]
2024-09-11 00:12:11,513 [INFO] ThirdParty:781 - entering critical section [change project]
2024-09-11 00:12:11,513 [INFO] ThirdParty:967 - CMSIS Pack Vendor :STMicroelectronics X-CUBE-AZRTOS-H7 3.3.0
2024-09-11 00:12:11,513 [INFO] ThirdParty:967 - CMSIS Pack Vendor :STMicroelectronics X-CUBE-GNSS1 6.0.0
2024-09-11 00:12:11,513 [INFO] ThirdParty:967 - CMSIS Pack Vendor :STMicroelectronics USB_HOST 2.0.0
2024-09-11 00:12:11,513 [INFO] ThirdParty:967 - CMSIS Pack Vendor :STMicroelectronics X-CUBE-AZRTOS-F4 1.1.0
2024-09-11 00:12:11,513 [INFO] ThirdParty:967 - CMSIS Pack Vendor :STMicroelectronics USB_DEVICE 3.0.0
2024-09-11 00:12:11,513 [INFO] ThirdParty:967 - CMSIS Pack Vendor :STMicroelectronics X-CUBE-AZRTOS-WB 2.0.0
2024-09-11 00:12:11,513 [INFO] ThirdParty:967 - CMSIS Pack Vendor :STMicroelectronics X-CUBE-AZRTOS-F7 1.1.0
2024-09-11 00:12:11,513 [INFO] ThirdParty:967 - CMSIS Pack Vendor :STMicroelectronics X-CUBE-AZRTOS-L5 2.0.0
2024-09-11 00:12:11,513 [INFO] ThirdParty:967 - CMSIS Pack Vendor :STMicroelectronics USB_DEVICE 2.0.0
2024-09-11 00:12:11,513 [INFO] ThirdParty:967 - CMSIS Pack Vendor :STMicroelectronics X-CUBE-NFC6 3.1.0
2024-09-11 00:12:11,513 [INFO] ThirdParty:967 - CMSIS Pack Vendor :STMicroelectronics X-CUBE-MEMS1 11.0.0
2024-09-11 00:12:11,513 [INFO] ThirdParty:967 - CMSIS Pack Vendor :STMicroelectronics FreeRTOS 0.0.1
2024-09-11 00:12:11,513 [INFO] ThirdParty:967 - CMSIS Pack Vendor :STMicroelectronics X-CUBE-AZRTOS-G0 1.1.0
2024-09-11 00:12:11,513 [INFO] ThirdParty:967 - CMSIS Pack Vendor :STMicroelectronics X-CUBE-SAFEA1 1.2.2
2024-09-11 00:12:11,513 [INFO] ThirdParty:967 - CMSIS Pack Vendor :STMicroelectronics X-CUBE-NFC4 3.0.0
2024-09-11 00:12:11,513 [INFO] ThirdParty:967 - CMSIS Pack Vendor :STMicroelectronics X-CUBE-SUBG2 5.0.0
2024-09-11 00:12:11,513 [INFO] ThirdParty:967 - CMSIS Pack Vendor :STMicroelectronics lwIP 2.0.3
2024-09-11 00:12:11,513 [INFO] ThirdParty:967 - CMSIS Pack Vendor :STMicroelectronics USB_HOST 1.0.0
2024-09-11 00:12:11,513 [INFO] ThirdParty:967 - CMSIS Pack Vendor :STMicroelectronics X-CUBE-AI 9.0.0
2024-09-11 00:12:11,513 [INFO] ThirdParty:967 - CMSIS Pack Vendor :STMicroelectronics X-CUBE-AZRTOS-G4 2.0.0
2024-09-11 00:12:11,513 [INFO] ThirdParty:967 - CMSIS Pack Vendor :STMicroelectronics PDM2PCM 3.1.0
2024-09-11 00:12:11,513 [INFO] ThirdParty:967 - CMSIS Pack Vendor :STMicroelectronics PDM2PCM 3.3.0
2024-09-11 00:12:11,513 [INFO] ThirdParty:967 - CMSIS Pack Vendor :STMicroelectronics X-CUBE-BLE1 7.0.0
2024-09-11 00:12:11,513 [INFO] ThirdParty:967 - CMSIS Pack Vendor :STMicroelectronics FP-ATR-SIGFOX1 3.2.0
2024-09-11 00:12:11,513 [INFO] ThirdParty:967 - CMSIS Pack Vendor :wolfSSL I-CUBE-wolfSSL 5.7.2
2024-09-11 00:12:11,513 [INFO] ThirdParty:967 - CMSIS Pack Vendor :STMicroelectronics X-CUBE-ISPU 2.0.0
2024-09-11 00:12:11,513 [INFO] ThirdParty:967 - CMSIS Pack Vendor :STMicroelectronics X-CUBE-EEPRMA1 5.1.0
2024-09-11 00:12:11,513 [INFO] ThirdParty:967 - CMSIS Pack Vendor :STMicroelectronics HAL Drivers 0.0.0
2024-09-11 00:12:11,513 [INFO] ThirdParty:967 - CMSIS Pack Vendor :STMicroelectronics MBEDTLS 2.16.2
2024-09-11 00:12:11,513 [INFO] ThirdParty:967 - CMSIS Pack Vendor :STMicroelectronics X-CUBE-NFC7 1.0.1
2024-09-11 00:12:11,513 [INFO] ThirdParty:967 - CMSIS Pack Vendor :STMicroelectronics MBEDTLS 2.14.1
2024-09-11 00:12:11,513 [INFO] ThirdParty:967 - CMSIS Pack Vendor :STMicroelectronics X-CUBE-TOUCHGFX 4.24.0
2024-09-11 00:12:11,513 [INFO] ThirdParty:967 - CMSIS Pack Vendor :wolfSSL I-CUBE-wolfTPM 3.4.0
2024-09-11 00:12:11,513 [INFO] ThirdParty:967 - CMSIS Pack Vendor :portGmbH I-Cube-SoM-uGOAL 1.1.0
2024-09-11 00:12:11,513 [INFO] ThirdParty:967 - CMSIS Pack Vendor :STMicroelectronics X-CUBE-AZRTOS-WL 2.0.0
2024-09-11 00:12:11,513 [INFO] ThirdParty:967 - CMSIS Pack Vendor :SEGGER I-CUBE-embOS 1.3.1
2024-09-11 00:12:11,513 [INFO] ThirdParty:967 - CMSIS Pack Vendor :STMicroelectronics X-CUBE-ALGOBUILD 1.4.0
2024-09-11 00:12:11,513 [INFO] ThirdParty:967 - CMSIS Pack Vendor :STMicroelectronics USB_DEVICE 1.0.0
2024-09-11 00:12:11,513 [INFO] ThirdParty:967 - CMSIS Pack Vendor :STMicroelectronics X-CUBE-AZRTOS-H7RS 1.0.0
2024-09-11 00:12:11,513 [INFO] ThirdParty:967 - CMSIS Pack Vendor :wolfSSL I-CUBE-wolfMQTT 1.19.0
2024-09-11 00:12:11,513 [INFO] ThirdParty:967 - CMSIS Pack Vendor :STMicroelectronics X-CUBE-AZRTOS-L4 2.0.0
2024-09-11 00:12:11,513 [INFO] ThirdParty:967 - CMSIS Pack Vendor :STMicroelectronics ThreadX 0.0.2
2024-09-11 00:12:11,513 [INFO] ThirdParty:967 - CMSIS Pack Vendor :WES I-CUBE-Cesium 1.3.0
2024-09-11 00:12:11,513 [INFO] ThirdParty:967 - CMSIS Pack Vendor :STMicroelectronics FP-ATR-ASTRA1 2.0.0
2024-09-11 00:12:11,513 [INFO] ThirdParty:967 - CMSIS Pack Vendor :STMicroelectronics lwIP 2.1.2
2024-09-11 00:12:11,513 [INFO] ThirdParty:967 - CMSIS Pack Vendor :STMicroelectronics X-CUBE-SFXS2LP1 4.0.0
2024-09-11 00:12:11,513 [INFO] ThirdParty:967 - CMSIS Pack Vendor :STMicroelectronics X-CUBE-BLE2 3.3.0
2024-09-11 00:12:11,513 [INFO] ThirdParty:967 - CMSIS Pack Vendor :STMicroelectronics PDM2PCM 3.2.0
2024-09-11 00:12:11,513 [INFO] ThirdParty:967 - CMSIS Pack Vendor :wolfSSL I-CUBE-wolfSSH 1.4.17
2024-09-11 00:12:11,513 [INFO] ThirdParty:787 - exiting critical section [change project]
2024-09-11 00:12:11,701 [INFO] PinOutPanel:1463 - setPackage(No Configuration,No Configuration)
2024-09-11 00:12:11,701 [INFO] PinOutPanel:1463 - setPackage(STM32F103C6Ux,UFQFPN48)
2024-09-11 00:12:12,013 [INFO] UtilMem:74 - Before build in PCC Used Memory: 871956216 Bytes (1017118720)
2024-09-11 00:12:12,529 [INFO] UtilMem:74 - After build in PCC Used Memory: 859247232 Bytes (1017118720)
2024-09-11 00:12:12,544 [INFO] IPUIPlugin:74 - create IPUIPlugin
2024-09-11 00:12:12,544 [INFO] IPUIPlugin:74 - create IPUIPlugin
2024-09-11 00:12:12,544 [INFO] IPUIPlugin:74 - create IPUIPlugin
2024-09-11 00:12:12,544 [INFO] IPUIPlugin:74 - create IPUIPlugin
2024-09-11 00:12:12,544 [INFO] IPUIPlugin:74 - create IPUIPlugin
2024-09-11 00:12:12,544 [INFO] IPUIPlugin:74 - create IPUIPlugin
2024-09-11 00:12:12,544 [INFO] IPUIPlugin:74 - create IPUIPlugin
2024-09-11 00:12:12,544 [INFO] IPUIPlugin:74 - create IPUIPlugin
2024-09-11 00:12:12,544 [INFO] IPUIPlugin:74 - create IPUIPlugin
2024-09-11 00:12:12,544 [INFO] IPUIPlugin:74 - create IPUIPlugin
2024-09-11 00:12:12,544 [INFO] IPUIPlugin:74 - create IPUIPlugin
2024-09-11 00:12:12,544 [INFO] IPUIPlugin:74 - create IPUIPlugin
2024-09-11 00:12:12,544 [INFO] IPUIPlugin:74 - create IPUIPlugin
2024-09-11 00:12:12,544 [INFO] IPUIPlugin:74 - create IPUIPlugin
2024-09-11 00:12:12,544 [INFO] IPUIPlugin:74 - create IPUIPlugin
2024-09-11 00:12:12,544 [INFO] IPUIPlugin:74 - create IPUIPlugin
2024-09-11 00:12:12,544 [INFO] IPUIPlugin:74 - create IPUIPlugin
2024-09-11 00:12:12,544 [INFO] IPUIPlugin:74 - create IPUIPlugin
2024-09-11 00:12:12,544 [INFO] IPUIPlugin:74 - create IPUIPlugin
2024-09-11 00:12:12,544 [INFO] IPUIPlugin:74 - create IPUIPlugin
2024-09-11 00:12:12,544 [INFO] IPUIPlugin:74 - create IPUIPlugin
2024-09-11 00:12:12,544 [INFO] IPUIPlugin:74 - create IPUIPlugin
2024-09-11 00:12:12,544 [INFO] IPUIPlugin:74 - create IPUIPlugin
2024-09-11 00:12:12,654 [INFO] OpenFileManager:333 - Restore cursor
2024-09-11 00:12:12,919 [INFO] UtilMem:74 - End SaveConfig() Used Memory: 870942448 Bytes (1017118720)
2024-09-11 00:12:12,966 [INFO] UtilMem:74 - End SaveConfig() Used Memory: 882999024 Bytes (1017118720)
2024-09-11 00:12:13,279 [INFO] BlockDiagram:2740 - set Specific Code input for plugin: NVIC
2024-09-11 00:12:13,279 [INFO] BlockDiagram:2740 - set Specific Code input for plugin: SYS
2024-09-11 00:12:13,279 [INFO] BlockDiagram:2740 - set Specific Code input for plugin: RCC
2024-09-11 00:12:13,279 [INFO] CodeGenerator:663 - code generatio: config db path: E:\chuyennganh\vixuly\STM32Cube-IDE\STM32CubeIDE_1.7.0\STM32CubeIDE\plugins\com.st.stm32cube.common.mx_6.3.0.202107141111\\db\
2024-09-11 00:12:13,560 [INFO] CodeEngine:239 - oldGeneratedFile, E:\chuyennganh\vixuly\workspace\STM32_LAB1\LAB1\MXTmpFiles\license.tmp_save
2024-09-11 00:12:13,810 [INFO] CodeEngine:257 - Generated code: E:\chuyennganh\vixuly\workspace\STM32_LAB1\LAB1\MXTmpFiles\license.tmp
2024-09-11 00:12:13,935 [INFO] CodeEngine:239 - oldGeneratedFile, E:\chuyennganh\vixuly\workspace\STM32_LAB1\LAB1\Core\Src\stm32f1xx_it.c_save
2024-09-11 00:12:14,060 [INFO] CodeEngine:257 - Generated code: E:\chuyennganh\vixuly\workspace\STM32_LAB1\LAB1\Core\Src\stm32f1xx_it.c
2024-09-11 00:12:14,060 [INFO] CodeEngine:239 - oldGeneratedFile, E:\chuyennganh\vixuly\workspace\STM32_LAB1\LAB1\Core\Inc\stm32f1xx_it.h_save
2024-09-11 00:12:14,138 [INFO] CodeEngine:257 - Generated code: E:\chuyennganh\vixuly\workspace\STM32_LAB1\LAB1\Core\Inc\stm32f1xx_it.h
2024-09-11 00:12:14,154 [INFO] CodeEngine:239 - oldGeneratedFile, E:\chuyennganh\vixuly\workspace\STM32_LAB1\LAB1\Core\Src\stm32f1xx_hal_msp.c_save
2024-09-11 00:12:14,263 [INFO] CodeEngine:257 - Generated code: E:\chuyennganh\vixuly\workspace\STM32_LAB1\LAB1\Core\Src\stm32f1xx_hal_msp.c
2024-09-11 00:12:14,279 [INFO] CodeEngine:239 - oldGeneratedFile, E:\chuyennganh\vixuly\workspace\STM32_LAB1\LAB1\MXTmpFiles\system.tmp_save
2024-09-11 00:12:14,341 [INFO] CodeEngine:257 - Generated code: E:\chuyennganh\vixuly\workspace\STM32_LAB1\LAB1\MXTmpFiles\system.tmp
2024-09-11 00:12:14,357 [INFO] CodeEngine:239 - oldGeneratedFile, E:\chuyennganh\vixuly\workspace\STM32_LAB1\LAB1\Core\Inc\stm32f1xx_hal_conf.h_save
2024-09-11 00:12:14,450 [INFO] CodeEngine:257 - Generated code: E:\chuyennganh\vixuly\workspace\STM32_LAB1\LAB1\Core\Inc\stm32f1xx_hal_conf.h
2024-09-11 00:12:14,528 [INFO] CodeEngine:239 - oldGeneratedFile, E:\chuyennganh\vixuly\workspace\STM32_LAB1\LAB1\Core\Inc\main.h_save
2024-09-11 00:12:14,622 [INFO] CodeEngine:257 - Generated code: E:\chuyennganh\vixuly\workspace\STM32_LAB1\LAB1\Core\Inc\main.h
2024-09-11 00:12:14,622 [INFO] CodeEngine:239 - oldGeneratedFile, E:\chuyennganh\vixuly\workspace\STM32_LAB1\LAB1\Core\Src\main.c_save
2024-09-11 00:12:14,747 [INFO] CodeEngine:257 - Generated code: E:\chuyennganh\vixuly\workspace\STM32_LAB1\LAB1\Core\Src\main.c
2024-09-11 00:12:15,513 [INFO] ProjectBuilder:2578 - Time for Copy HAL[1] : 62mS.
2024-09-11 00:12:15,513 [INFO] ProjectBuilder:3622 - Project Generator version: 3.14.1
2024-09-11 00:12:16,013 [INFO] ConfigFileManager:1271 - The Die is : DIE412
2024-09-11 00:12:16,029 [INFO] ApiDbMcu:468 - Load IP Config File for FATFS
2024-09-11 00:12:16,061 [INFO] ApiDbMcu:468 - Load IP Config File for FREERTOS
2024-09-11 00:12:16,092 [INFO] ApiDbMcu:468 - Load IP Config File for USB_DEVICE
2024-09-11 00:12:22,093 [INFO] ProjectBuilder:3789 - Time for Generating toolchain IDE Files: 6580mS.
2024-09-11 00:12:22,093 [INFO] ProjectBuilder:2457 - Time for Copy CMSIS : 0mS.
2024-09-11 00:12:22,108 [INFO] ProjectBuilder:2457 - Time for Copy CMSIS : 0mS.
2024-09-11 00:12:22,811 [INFO] McuFinderGlobals:52 - Set McuFinderConnectedMode to true
2024-09-11 00:12:22,811 [INFO] ApiDb:276 - Save user favorites file C:\Users\MSIFPT/.stm32cubeide/favorites.mcus.txt: 0 item(s)
2024-09-11 00:12:22,811 [INFO] ApiDb:280 - User favorites MCUs=[]
2024-09-11 00:14:00,810 [INFO] Gpio:254 - dependency for GPIO []
2024-09-11 00:14:35,267 [INFO] UtilMem:74 - End SaveConfig() Used Memory: 911366264 Bytes (1073741824)
2024-09-11 00:14:59,741 [INFO] UtilMem:74 - End SaveConfig() Used Memory: 934159672 Bytes (1073741824)
2024-09-11 00:15:02,629 [INFO] UtilMem:74 - End SaveConfig() Used Memory: 815307384 Bytes (1073741824)
2024-09-11 00:15:02,943 [INFO] BlockDiagram:2740 - set Specific Code input for plugin: NVIC
2024-09-11 00:15:02,943 [INFO] BlockDiagram:2740 - set Specific Code input for plugin: SYS
2024-09-11 00:15:02,943 [INFO] BlockDiagram:2740 - set Specific Code input for plugin: GPIO
2024-09-11 00:15:02,943 [INFO] BlockDiagram:2740 - set Specific Code input for plugin: RCC
2024-09-11 00:15:02,943 [INFO] CodeGenerator:663 - code generatio: config db path: E:\chuyennganh\vixuly\STM32Cube-IDE\STM32CubeIDE_1.7.0\STM32CubeIDE\plugins\com.st.stm32cube.common.mx_6.3.0.202107141111\\db\
2024-09-11 00:15:03,282 [INFO] CodeEngine:239 - oldGeneratedFile, E:\chuyennganh\vixuly\workspace\STM32_LAB1\LAB1\MXTmpFiles\license.tmp_save
2024-09-11 00:15:03,334 [INFO] CodeEngine:257 - Generated code: E:\chuyennganh\vixuly\workspace\STM32_LAB1\LAB1\MXTmpFiles\license.tmp
2024-09-11 00:15:03,381 [INFO] CodeEngine:239 - oldGeneratedFile, E:\chuyennganh\vixuly\workspace\STM32_LAB1\LAB1\MXTmpFiles\gpio.tmp_save
2024-09-11 00:15:03,506 [INFO] CodeEngine:257 - Generated code: E:\chuyennganh\vixuly\workspace\STM32_LAB1\LAB1\MXTmpFiles\gpio.tmp
2024-09-11 00:15:03,521 [INFO] CodeEngine:239 - oldGeneratedFile, E:\chuyennganh\vixuly\workspace\STM32_LAB1\LAB1\Core\Src\stm32f1xx_it.c_save
2024-09-11 00:15:03,615 [INFO] CodeEngine:257 - Generated code: E:\chuyennganh\vixuly\workspace\STM32_LAB1\LAB1\Core\Src\stm32f1xx_it.c
2024-09-11 00:15:03,615 [INFO] CodeEngine:239 - oldGeneratedFile, E:\chuyennganh\vixuly\workspace\STM32_LAB1\LAB1\Core\Inc\stm32f1xx_it.h_save
2024-09-11 00:15:03,709 [INFO] CodeEngine:257 - Generated code: E:\chuyennganh\vixuly\workspace\STM32_LAB1\LAB1\Core\Inc\stm32f1xx_it.h
2024-09-11 00:15:03,725 [INFO] CodeEngine:239 - oldGeneratedFile, E:\chuyennganh\vixuly\workspace\STM32_LAB1\LAB1\Core\Src\stm32f1xx_hal_msp.c_save
2024-09-11 00:15:03,803 [INFO] CodeEngine:257 - Generated code: E:\chuyennganh\vixuly\workspace\STM32_LAB1\LAB1\Core\Src\stm32f1xx_hal_msp.c
2024-09-11 00:15:03,803 [INFO] CodeEngine:239 - oldGeneratedFile, E:\chuyennganh\vixuly\workspace\STM32_LAB1\LAB1\MXTmpFiles\system.tmp_save
2024-09-11 00:15:03,850 [INFO] CodeEngine:257 - Generated code: E:\chuyennganh\vixuly\workspace\STM32_LAB1\LAB1\MXTmpFiles\system.tmp
2024-09-11 00:15:03,865 [INFO] CodeEngine:239 - oldGeneratedFile, E:\chuyennganh\vixuly\workspace\STM32_LAB1\LAB1\Core\Inc\stm32f1xx_hal_conf.h_save
2024-09-11 00:15:03,943 [INFO] CodeEngine:257 - Generated code: E:\chuyennganh\vixuly\workspace\STM32_LAB1\LAB1\Core\Inc\stm32f1xx_hal_conf.h
2024-09-11 00:15:03,975 [INFO] CodeEngine:239 - oldGeneratedFile, E:\chuyennganh\vixuly\workspace\STM32_LAB1\LAB1\Core\Inc\main.h_save
2024-09-11 00:15:04,037 [INFO] CodeEngine:257 - Generated code: E:\chuyennganh\vixuly\workspace\STM32_LAB1\LAB1\Core\Inc\main.h
2024-09-11 00:15:04,053 [INFO] CodeEngine:239 - oldGeneratedFile, E:\chuyennganh\vixuly\workspace\STM32_LAB1\LAB1\Core\Src\main.c_save
2024-09-11 00:15:04,193 [INFO] CodeEngine:257 - Generated code: E:\chuyennganh\vixuly\workspace\STM32_LAB1\LAB1\Core\Src\main.c
2024-09-11 00:15:05,041 [INFO] ProjectBuilder:2578 - Time for Copy HAL[1] : 63mS.
2024-09-11 00:15:05,041 [INFO] ProjectBuilder:3622 - Project Generator version: 3.14.1
2024-09-11 00:15:06,135 [INFO] ConfigFileManager:1271 - The Die is : DIE412
2024-09-11 00:15:08,650 [INFO] ProjectBuilder:3789 - Time for Generating toolchain IDE Files: 3609mS.
2024-09-11 00:15:08,650 [INFO] ProjectBuilder:2457 - Time for Copy CMSIS : 0mS.
2024-09-11 00:15:08,650 [INFO] ProjectBuilder:2457 - Time for Copy CMSIS : 0mS.
2024-09-11 01:05:14,892 [INFO] Gpio:254 - dependency for GPIO []
2024-09-11 01:05:24,249 [INFO] UtilMem:74 - End SaveConfig() Used Memory: 954486904 Bytes (1073741824)
2024-09-11 01:05:27,027 [INFO] UtilMem:74 - End SaveConfig() Used Memory: 867129840 Bytes (1073741824)
2024-09-11 01:05:48,903 [INFO] UtilMem:74 - End SaveConfig() Used Memory: 919697104 Bytes (1073741824)
2024-09-11 01:05:49,263 [INFO] BlockDiagram:2740 - set Specific Code input for plugin: NVIC
2024-09-11 01:05:49,263 [INFO] BlockDiagram:2740 - set Specific Code input for plugin: SYS
2024-09-11 01:05:49,263 [INFO] BlockDiagram:2740 - set Specific Code input for plugin: GPIO
2024-09-11 01:05:49,263 [INFO] BlockDiagram:2740 - set Specific Code input for plugin: RCC
2024-09-11 01:05:49,263 [INFO] CodeGenerator:663 - code generatio: config db path: E:\chuyennganh\vixuly\STM32Cube-IDE\STM32CubeIDE_1.7.0\STM32CubeIDE\plugins\com.st.stm32cube.common.mx_6.3.0.202107141111\\db\
2024-09-11 01:05:49,544 [INFO] CodeEngine:239 - oldGeneratedFile, E:\chuyennganh\vixuly\workspace\STM32_LAB1\LAB1\MXTmpFiles\license.tmp_save
2024-09-11 01:05:49,622 [INFO] CodeEngine:257 - Generated code: E:\chuyennganh\vixuly\workspace\STM32_LAB1\LAB1\MXTmpFiles\license.tmp
2024-09-11 01:05:49,685 [INFO] CodeEngine:239 - oldGeneratedFile, E:\chuyennganh\vixuly\workspace\STM32_LAB1\LAB1\MXTmpFiles\gpio.tmp_save
2024-09-11 01:05:49,763 [INFO] CodeEngine:257 - Generated code: E:\chuyennganh\vixuly\workspace\STM32_LAB1\LAB1\MXTmpFiles\gpio.tmp
2024-09-11 01:05:49,837 [INFO] CodeEngine:239 - oldGeneratedFile, E:\chuyennganh\vixuly\workspace\STM32_LAB1\LAB1\Core\Src\stm32f1xx_it.c_save
2024-09-11 01:05:49,931 [INFO] CodeEngine:257 - Generated code: E:\chuyennganh\vixuly\workspace\STM32_LAB1\LAB1\Core\Src\stm32f1xx_it.c
2024-09-11 01:05:49,946 [INFO] CodeEngine:239 - oldGeneratedFile, E:\chuyennganh\vixuly\workspace\STM32_LAB1\LAB1\Core\Inc\stm32f1xx_it.h_save
2024-09-11 01:05:50,009 [INFO] CodeEngine:257 - Generated code: E:\chuyennganh\vixuly\workspace\STM32_LAB1\LAB1\Core\Inc\stm32f1xx_it.h
2024-09-11 01:05:50,024 [INFO] CodeEngine:239 - oldGeneratedFile, E:\chuyennganh\vixuly\workspace\STM32_LAB1\LAB1\Core\Src\stm32f1xx_hal_msp.c_save
2024-09-11 01:05:50,134 [INFO] CodeEngine:257 - Generated code: E:\chuyennganh\vixuly\workspace\STM32_LAB1\LAB1\Core\Src\stm32f1xx_hal_msp.c
2024-09-11 01:05:50,134 [INFO] CodeEngine:239 - oldGeneratedFile, E:\chuyennganh\vixuly\workspace\STM32_LAB1\LAB1\MXTmpFiles\system.tmp_save
2024-09-11 01:05:50,181 [INFO] CodeEngine:257 - Generated code: E:\chuyennganh\vixuly\workspace\STM32_LAB1\LAB1\MXTmpFiles\system.tmp
2024-09-11 01:05:50,196 [INFO] CodeEngine:239 - oldGeneratedFile, E:\chuyennganh\vixuly\workspace\STM32_LAB1\LAB1\Core\Inc\stm32f1xx_hal_conf.h_save
2024-09-11 01:05:50,290 [INFO] CodeEngine:257 - Generated code: E:\chuyennganh\vixuly\workspace\STM32_LAB1\LAB1\Core\Inc\stm32f1xx_hal_conf.h
2024-09-11 01:05:50,321 [INFO] CodeEngine:239 - oldGeneratedFile, E:\chuyennganh\vixuly\workspace\STM32_LAB1\LAB1\Core\Inc\main.h_save
2024-09-11 01:05:50,399 [INFO] CodeEngine:257 - Generated code: E:\chuyennganh\vixuly\workspace\STM32_LAB1\LAB1\Core\Inc\main.h
2024-09-11 01:05:50,399 [INFO] CodeEngine:239 - oldGeneratedFile, E:\chuyennganh\vixuly\workspace\STM32_LAB1\LAB1\Core\Src\main.c_save
2024-09-11 01:05:50,509 [INFO] CodeEngine:257 - Generated code: E:\chuyennganh\vixuly\workspace\STM32_LAB1\LAB1\Core\Src\main.c
2024-09-11 01:05:51,384 [INFO] ProjectBuilder:2578 - Time for Copy HAL[1] : 79mS.
2024-09-11 01:05:51,384 [INFO] ProjectBuilder:3622 - Project Generator version: 3.14.1
2024-09-11 01:05:52,383 [INFO] ConfigFileManager:1271 - The Die is : DIE412
2024-09-11 01:05:54,618 [INFO] ProjectBuilder:3789 - Time for Generating toolchain IDE Files: 3234mS.
2024-09-11 01:05:54,618 [INFO] ProjectBuilder:2457 - Time for Copy CMSIS : 0mS.
2024-09-11 01:05:54,618 [INFO] ProjectBuilder:2457 - Time for Copy CMSIS : 0mS.
